<?xml version="1.0" encoding="UTF-8"?>
<testng-results skipped="0" failed="0" ignored="0" total="1" passed="1">
  <reporter-output>
  </reporter-output>
  <suite name="Default suite" duration-ms="5632" started-at="2017-08-24T05:03:46Z" finished-at="2017-08-24T05:03:52Z">
    <groups>
    </groups>
    <test name="Default test" duration-ms="5632" started-at="2017-08-24T05:03:46Z" finished-at="2017-08-24T05:03:52Z">
      <class name="com.actitime.tests.SigninTest">
        <test-method status="PASS" signature="SignInTest()[pri:0, instance:com.actitime.tests.SigninTest@215be6bb]" name="SignInTest" duration-ms="5619" started-at="2017-08-24T10:33:46Z" finished-at="2017-08-24T10:33:52Z">
          <reporter-output>
          </reporter-output>
        </test-method> <!-- SignInTest -->
      </class> <!-- com.actitime.tests.SigninTest -->
    </test> <!-- Default test -->
  </suite> <!-- Default suite -->
</testng-results>
